# gmm-rescore-lattice joint/am/final.mdl "ark:gunzip -c joint/am/decode/lat.tmp.1.gz|" "ark,s,cs:apply-cmvn  --utt2spk=ark:joint/data/split1/1/utt2spk scp:joint/data/split1/1/cmvn.scp scp:joint/data/split1/1/feats.scp ark:- | splice-feats  ark:- ark:- | transform-feats joint/am/final.mat ark:- ark:- | transform-feats --utt2spk=ark:joint/data/split1/1/utt2spk ark:joint/am/decode/trans.1 ark:- ark:- |" ark:- | lattice-determinize-pruned --acoustic-scale=0.083333 --beam=6.0 ark:- "ark:|gzip -c > joint/am/decode/lat.1.gz" && rm joint/am/decode/lat.tmp.1.gz 
# Started at Mon Mar 20 01:55:47 KST 2017
#
lattice-determinize-pruned --acoustic-scale=0.083333 --beam=6.0 ark:- 'ark:|gzip -c > joint/am/decode/lat.1.gz' 
gmm-rescore-lattice joint/am/final.mdl 'ark:gunzip -c joint/am/decode/lat.tmp.1.gz|' 'ark,s,cs:apply-cmvn  --utt2spk=ark:joint/data/split1/1/utt2spk scp:joint/data/split1/1/cmvn.scp scp:joint/data/split1/1/feats.scp ark:- | splice-feats  ark:- ark:- | transform-feats joint/am/final.mat ark:- ark:- | transform-feats --utt2spk=ark:joint/data/split1/1/utt2spk ark:joint/am/decode/trans.1 ark:- ark:- |' ark:- 
splice-feats ark:- ark:- 
apply-cmvn --utt2spk=ark:joint/data/split1/1/utt2spk scp:joint/data/split1/1/cmvn.scp scp:joint/data/split1/1/feats.scp ark:- 
LOG (apply-cmvn:main():apply-cmvn.cc:146) Applied cepstral mean normalization to 1 utterances, errors on 0
transform-feats joint/am/final.mat ark:- ark:- 
transform-feats --utt2spk=ark:joint/data/split1/1/utt2spk ark:joint/am/decode/trans.1 ark:- ark:- 
LOG (transform-feats:main():transform-feats.cc:158) Overall average [pseudo-]logdet is -88.0205 over 172 frames.
LOG (transform-feats:main():transform-feats.cc:161) Applied transform to 1 utterances; 0 had errors.
LOG (transform-feats:main():transform-feats.cc:158) Overall average logdet is 0 over 172 frames.
LOG (transform-feats:main():transform-feats.cc:161) Applied transform to 1 utterances; 0 had errors.
LOG (gmm-rescore-lattice:main():gmm-rescore-lattice.cc:103) Done 1 lattices with errors on 0, #frames is 172
LOG (lattice-determinize-pruned:RebuildRepository():determinize-lattice-pruned.cc:283) Rebuilding repository.
LOG (lattice-determinize-pruned:RebuildRepository():determinize-lattice-pruned.cc:283) Rebuilding repository.
LOG (lattice-determinize-pruned:main():lattice-determinize-pruned.cc:117) Done 1 lattices, determinization finished earlier than specified by the beam (or output was empty) on 0 of these.
# Accounting: time=10 threads=1
# Ended (code 0) at Mon Mar 20 01:55:57 KST 2017, elapsed time 10 seconds
