# gmm-latgen-faster --max-active=7000 --beam=13.0 --lattice-beam=6.0 --acoustic-scale=0.083333 --determinize-lattice=false --allow-partial=true --word-symbol-table=joint/graph/words.txt joint/am/final.mdl joint/graph/HCLG.fst "ark,s,cs:apply-cmvn  --utt2spk=ark:joint/data/split1/1/utt2spk scp:joint/data/split1/1/cmvn.scp scp:joint/data/split1/1/feats.scp ark:- | splice-feats  ark:- ark:- | transform-feats joint/am/final.mat ark:- ark:- | transform-feats --utt2spk=ark:joint/data/split1/1/utt2spk ark:joint/am/decode/pre_trans.1 ark:- ark:- |" "ark:|gzip -c > joint/am/decode/lat.tmp.1.gz" 
# Started at Mon Mar 20 01:55:45 KST 2017
#
gmm-latgen-faster --max-active=7000 --beam=13.0 --lattice-beam=6.0 --acoustic-scale=0.083333 --determinize-lattice=false --allow-partial=true --word-symbol-table=joint/graph/words.txt joint/am/final.mdl joint/graph/HCLG.fst 'ark,s,cs:apply-cmvn  --utt2spk=ark:joint/data/split1/1/utt2spk scp:joint/data/split1/1/cmvn.scp scp:joint/data/split1/1/feats.scp ark:- | splice-feats  ark:- ark:- | transform-feats joint/am/final.mat ark:- ark:- | transform-feats --utt2spk=ark:joint/data/split1/1/utt2spk ark:joint/am/decode/pre_trans.1 ark:- ark:- |' 'ark:|gzip -c > joint/am/decode/lat.tmp.1.gz' 
apply-cmvn --utt2spk=ark:joint/data/split1/1/utt2spk scp:joint/data/split1/1/cmvn.scp scp:joint/data/split1/1/feats.scp ark:- 
transform-feats joint/am/final.mat ark:- ark:- 
splice-feats ark:- ark:- 
LOG (apply-cmvn:main():apply-cmvn.cc:146) Applied cepstral mean normalization to 1 utterances, errors on 0
transform-feats --utt2spk=ark:joint/data/split1/1/utt2spk ark:joint/am/decode/pre_trans.1 ark:- ark:- 
LOG (transform-feats:main():transform-feats.cc:158) Overall average [pseudo-]logdet is -88.0205 over 172 frames.
LOG (transform-feats:main():transform-feats.cc:161) Applied transform to 1 utterances; 0 had errors.
LOG (transform-feats:main():transform-feats.cc:158) Overall average logdet is 0 over 172 frames.
LOG (transform-feats:main():transform-feats.cc:161) Applied transform to 1 utterances; 0 had errors.
yj_joint_kr sil cl t ax l iy en cl t hh ix hh sil 
LOG (gmm-latgen-faster:DecodeUtteranceLatticeFaster():decoder-wrappers.cc:285) Log-like per frame for utterance yj_joint_kr is -4.74415 over 172 frames.
LOG (gmm-latgen-faster:main():gmm-latgen-faster.cc:176) Time taken 0.422455s: real-time factor assuming 100 frames/sec is 0.245613
LOG (gmm-latgen-faster:main():gmm-latgen-faster.cc:179) Done 1 utterances, failed for 0
LOG (gmm-latgen-faster:main():gmm-latgen-faster.cc:181) Overall log-likelihood per frame is -4.74415 over 172 frames.
# Accounting: time=1 threads=1
# Ended (code 0) at Mon Mar 20 01:55:46 KST 2017, elapsed time 1 seconds
