# gunzip -c joint/am/decode.si/lat.1.gz | lattice-to-post --acoustic-scale=0.083333 ark:- ark:- | weight-silence-post 0.01 1:2 joint/am/final.mdl ark:- ark:- | gmm-post-to-gpost joint/am/final.mdl "ark,s,cs:apply-cmvn  --utt2spk=ark:joint/data/split1/1/utt2spk scp:joint/data/split1/1/cmvn.scp scp:joint/data/split1/1/feats.scp ark:- | splice-feats  ark:- ark:- | transform-feats joint/am/final.mat ark:- ark:- |" ark:- ark:- | gmm-est-fmllr-gpost --fmllr-update-type=full --spk2utt=ark:joint/data/split1/1/spk2utt joint/am/final.mdl "ark,s,cs:apply-cmvn  --utt2spk=ark:joint/data/split1/1/utt2spk scp:joint/data/split1/1/cmvn.scp scp:joint/data/split1/1/feats.scp ark:- | splice-feats  ark:- ark:- | transform-feats joint/am/final.mat ark:- ark:- |" ark,s,cs:- ark:joint/am/decode/pre_trans.1 
# Started at Mon Mar 20 01:55:45 KST 2017
#
gmm-est-fmllr-gpost --fmllr-update-type=full --spk2utt=ark:joint/data/split1/1/spk2utt joint/am/final.mdl 'ark,s,cs:apply-cmvn  --utt2spk=ark:joint/data/split1/1/utt2spk scp:joint/data/split1/1/cmvn.scp scp:joint/data/split1/1/feats.scp ark:- | splice-feats  ark:- ark:- | transform-feats joint/am/final.mat ark:- ark:- |' ark,s,cs:- ark:joint/am/decode/pre_trans.1 
gmm-post-to-gpost joint/am/final.mdl 'ark,s,cs:apply-cmvn  --utt2spk=ark:joint/data/split1/1/utt2spk scp:joint/data/split1/1/cmvn.scp scp:joint/data/split1/1/feats.scp ark:- | splice-feats  ark:- ark:- | transform-feats joint/am/final.mat ark:- ark:- |' ark:- ark:- 
weight-silence-post 0.01 1:2 joint/am/final.mdl ark:- ark:- 
lattice-to-post --acoustic-scale=0.083333 ark:- ark:- 
transform-feats joint/am/final.mat ark:- ark:- 
splice-feats ark:- ark:- 
apply-cmvn --utt2spk=ark:joint/data/split1/1/utt2spk scp:joint/data/split1/1/cmvn.scp scp:joint/data/split1/1/feats.scp ark:- 
LOG (apply-cmvn:main():apply-cmvn.cc:146) Applied cepstral mean normalization to 1 utterances, errors on 0
apply-cmvn --utt2spk=ark:joint/data/split1/1/utt2spk scp:joint/data/split1/1/cmvn.scp scp:joint/data/split1/1/feats.scp ark:- 
transform-feats joint/am/final.mat ark:- ark:- 
LOG (apply-cmvn:main():apply-cmvn.cc:146) Applied cepstral mean normalization to 1 utterances, errors on 0
LOG (transform-feats:main():transform-feats.cc:158) Overall average [pseudo-]logdet is -88.0205 over 172 frames.
LOG (transform-feats:main():transform-feats.cc:161) Applied transform to 1 utterances; 0 had errors.
splice-feats ark:- ark:- 
LOG (transform-feats:main():transform-feats.cc:158) Overall average [pseudo-]logdet is -88.0205 over 172 frames.
LOG (transform-feats:main():transform-feats.cc:161) Applied transform to 1 utterances; 0 had errors.
LOG (lattice-to-post:main():lattice-to-post.cc:106) Overall average log-like/frame is -4.61716 over 172 frames.  Average acoustic like/frame is -4.65275
LOG (lattice-to-post:main():lattice-to-post.cc:110) Done 1 lattices.
LOG (weight-silence-post:main():weight-silence-post.cc:95) Done 1 posteriors.
LOG (gmm-post-to-gpost:main():gmm-post-to-gpost.cc:124) Done 1 files, 0 with no posteriors, 0 with other errors.
LOG (gmm-post-to-gpost:main():gmm-post-to-gpost.cc:128) Overall avg like per frame (Gaussian only) = -69.4403 over 82.6379 frames.
LOG (gmm-post-to-gpost:main():gmm-post-to-gpost.cc:131) Done converting post to gpost
WARNING (gmm-est-fmllr-gpost:Update():fmllr-diag-gmm.cc:162) Not updating fMLLR since below min-count: count is 82.6377
LOG (gmm-est-fmllr-gpost:main():gmm-est-fmllr-gpost.cc:141) For speaker yj, auxf-impr from fMLLR is 0, over 82.6377 frames.
LOG (gmm-est-fmllr-gpost:main():gmm-est-fmllr-gpost.cc:186) Done 1 files, 0 with no gposts, 0 with other errors.
LOG (gmm-est-fmllr-gpost:main():gmm-est-fmllr-gpost.cc:188) Overall fMLLR auxf impr per frame is 0 over 82.6377 frames.
# Accounting: time=0 threads=1
# Ended (code 0) at Mon Mar 20 01:55:45 KST 2017, elapsed time 0 seconds
